Tue, 03 Mar 2026 12:22:44 -03 INF ..\..\..\..\runneradmin\go\pkg\mod\github.com\portapps\portapps\v3@v3.16.0\portapps.go:118 > --------
Tue, 03 Mar 2026 12:22:44 -03 INF ..\..\..\..\runneradmin\go\pkg\mod\github.com\portapps\portapps\v3@v3.16.0\portapps.go:119 > Operating System: Windows 10.0.19045
Tue, 03 Mar 2026 12:22:44 -03 INF ..\..\..\..\runneradmin\go\pkg\mod\github.com\portapps\portapps\v3@v3.16.0\portapps.go:120 > Starting VLC 3.0.21-12 (portapps 3.16.0)...
Tue, 03 Mar 2026 12:22:44 -03 INF ..\..\..\..\runneradmin\go\pkg\mod\github.com\portapps\portapps\v3@v3.16.0\portapps.go:121 > Release date: 2025/04/11 23:39:15
Tue, 03 Mar 2026 12:22:44 -03 INF ..\..\..\..\runneradmin\go\pkg\mod\github.com\portapps\portapps\v3@v3.16.0\portapps.go:122 > Publisher: CrazyMax (https://github.com/portapps/vlc-portable)
Tue, 03 Mar 2026 12:22:44 -03 INF ..\..\..\..\runneradmin\go\pkg\mod\github.com\portapps\portapps\v3@v3.16.0\portapps.go:123 > Root path: C:\Users\Hoxley\Documents\XtreamGo\players
Tue, 03 Mar 2026 12:22:44 -03 INF ..\..\..\..\runneradmin\go\pkg\mod\github.com\portapps\portapps\v3@v3.16.0\portapps.go:127 > Configuration:
common:
    disable_log: false
    args: []
    env: {}
    app_path: ""
app:
    cleanup: false
    verbose: "1"

Tue, 03 Mar 2026 12:22:45 -03 WRN D:/a/vlc-portable/vlc-portable/main.go:86 > Cannot import registry key error="reg file C:\\Users\\Hoxley\\Documents\\XtreamGo\\players\\reg\\VLC.reg not found"
Tue, 03 Mar 2026 12:22:45 -03 INF ..\..\..\..\runneradmin\go\pkg\mod\github.com\portapps\portapps\v3@v3.16.0\portapps.go:168 > Process: C:\Users\Hoxley\Documents\XtreamGo\players\app\vlc.exe
Tue, 03 Mar 2026 12:22:45 -03 INF ..\..\..\..\runneradmin\go\pkg\mod\github.com\portapps\portapps\v3@v3.16.0\portapps.go:169 > Args (config file): 
Tue, 03 Mar 2026 12:22:45 -03 INF ..\..\..\..\runneradmin\go\pkg\mod\github.com\portapps\portapps\v3@v3.16.0\portapps.go:170 > Args (cmd line): 
Tue, 03 Mar 2026 12:22:45 -03 INF ..\..\..\..\runneradmin\go\pkg\mod\github.com\portapps\portapps\v3@v3.16.0\portapps.go:171 > Args (hardcoded): --vlm-conf=C:\Users\Hoxley\Documents\XtreamGo\players\data\vlcrc --config=C:\Users\Hoxley\Documents\XtreamGo\players\data\vlcrc --no-plugins-cache --no-qt-updates-notif
Tue, 03 Mar 2026 12:22:45 -03 INF ..\..\..\..\runneradmin\go\pkg\mod\github.com\portapps\portapps\v3@v3.16.0\portapps.go:172 > Working dir: C:\Users\Hoxley\Documents\XtreamGo\players\app
Tue, 03 Mar 2026 12:22:45 -03 INF ..\..\..\..\runneradmin\go\pkg\mod\github.com\portapps\portapps\v3@v3.16.0\portapps.go:173 > App path: C:\Users\Hoxley\Documents\XtreamGo\players\app
Tue, 03 Mar 2026 12:22:45 -03 INF ..\..\..\..\runneradmin\go\pkg\mod\github.com\portapps\portapps\v3@v3.16.0\portapps.go:174 > Data path: C:\Users\Hoxley\Documents\XtreamGo\players\data
Tue, 03 Mar 2026 12:22:45 -03 INF ..\..\..\..\runneradmin\go\pkg\mod\github.com\portapps\portapps\v3@v3.16.0\portapps.go:175 > Previous path: 
Tue, 03 Mar 2026 12:22:45 -03 FTL ..\..\..\..\runneradmin\go\pkg\mod\github.com\portapps\portapps\v3@v3.16.0\portapps.go:178 > Application not found in C:\Users\Hoxley\Documents\XtreamGo\players\app\vlc.exe
Tue, 03 Mar 2026 12:22:53 -03 INF ..\..\..\..\runneradmin\go\pkg\mod\github.com\portapps\portapps\v3@v3.16.0\portapps.go:118 > --------
Tue, 03 Mar 2026 12:22:53 -03 INF ..\..\..\..\runneradmin\go\pkg\mod\github.com\portapps\portapps\v3@v3.16.0\portapps.go:119 > Operating System: Windows 10.0.19045
Tue, 03 Mar 2026 12:22:53 -03 INF ..\..\..\..\runneradmin\go\pkg\mod\github.com\portapps\portapps\v3@v3.16.0\portapps.go:120 > Starting VLC 3.0.21-12 (portapps 3.16.0)...
Tue, 03 Mar 2026 12:22:53 -03 INF ..\..\..\..\runneradmin\go\pkg\mod\github.com\portapps\portapps\v3@v3.16.0\portapps.go:121 > Release date: 2025/04/11 23:39:15
Tue, 03 Mar 2026 12:22:53 -03 INF ..\..\..\..\runneradmin\go\pkg\mod\github.com\portapps\portapps\v3@v3.16.0\portapps.go:122 > Publisher: CrazyMax (https://github.com/portapps/vlc-portable)
Tue, 03 Mar 2026 12:22:53 -03 INF ..\..\..\..\runneradmin\go\pkg\mod\github.com\portapps\portapps\v3@v3.16.0\portapps.go:123 > Root path: C:\Users\Hoxley\Documents\XtreamGo\players
Tue, 03 Mar 2026 12:22:53 -03 INF ..\..\..\..\runneradmin\go\pkg\mod\github.com\portapps\portapps\v3@v3.16.0\portapps.go:127 > Configuration:
common:
    disable_log: false
    args: []
    env: {}
    app_path: ""
app:
    cleanup: false
    verbose: "1"

Tue, 03 Mar 2026 12:22:53 -03 WRN D:/a/vlc-portable/vlc-portable/main.go:86 > Cannot import registry key error="reg file C:\\Users\\Hoxley\\Documents\\XtreamGo\\players\\reg\\VLC.reg not found"
Tue, 03 Mar 2026 12:22:53 -03 INF ..\..\..\..\runneradmin\go\pkg\mod\github.com\portapps\portapps\v3@v3.16.0\portapps.go:168 > Process: C:\Users\Hoxley\Documents\XtreamGo\players\app\vlc.exe
Tue, 03 Mar 2026 12:22:53 -03 INF ..\..\..\..\runneradmin\go\pkg\mod\github.com\portapps\portapps\v3@v3.16.0\portapps.go:169 > Args (config file): 
Tue, 03 Mar 2026 12:22:53 -03 INF ..\..\..\..\runneradmin\go\pkg\mod\github.com\portapps\portapps\v3@v3.16.0\portapps.go:170 > Args (cmd line): 
Tue, 03 Mar 2026 12:22:53 -03 INF ..\..\..\..\runneradmin\go\pkg\mod\github.com\portapps\portapps\v3@v3.16.0\portapps.go:171 > Args (hardcoded): --vlm-conf=C:\Users\Hoxley\Documents\XtreamGo\players\data\vlcrc --config=C:\Users\Hoxley\Documents\XtreamGo\players\data\vlcrc --no-plugins-cache --no-qt-updates-notif
Tue, 03 Mar 2026 12:22:53 -03 INF ..\..\..\..\runneradmin\go\pkg\mod\github.com\portapps\portapps\v3@v3.16.0\portapps.go:172 > Working dir: C:\Users\Hoxley\Documents\XtreamGo\players\app
Tue, 03 Mar 2026 12:22:53 -03 INF ..\..\..\..\runneradmin\go\pkg\mod\github.com\portapps\portapps\v3@v3.16.0\portapps.go:173 > App path: C:\Users\Hoxley\Documents\XtreamGo\players\app
Tue, 03 Mar 2026 12:22:53 -03 INF ..\..\..\..\runneradmin\go\pkg\mod\github.com\portapps\portapps\v3@v3.16.0\portapps.go:174 > Data path: C:\Users\Hoxley\Documents\XtreamGo\players\data
Tue, 03 Mar 2026 12:22:53 -03 INF ..\..\..\..\runneradmin\go\pkg\mod\github.com\portapps\portapps\v3@v3.16.0\portapps.go:175 > Previous path: 
Tue, 03 Mar 2026 12:22:53 -03 FTL ..\..\..\..\runneradmin\go\pkg\mod\github.com\portapps\portapps\v3@v3.16.0\portapps.go:178 > Application not found in C:\Users\Hoxley\Documents\XtreamGo\players\app\vlc.exe
Tue, 03 Mar 2026 12:23:22 -03 INF ..\..\..\..\runneradmin\go\pkg\mod\github.com\portapps\portapps\v3@v3.16.0\portapps.go:118 > --------
Tue, 03 Mar 2026 12:23:22 -03 INF ..\..\..\..\runneradmin\go\pkg\mod\github.com\portapps\portapps\v3@v3.16.0\portapps.go:119 > Operating System: Windows 10.0.19045
Tue, 03 Mar 2026 12:23:22 -03 INF ..\..\..\..\runneradmin\go\pkg\mod\github.com\portapps\portapps\v3@v3.16.0\portapps.go:120 > Starting VLC 3.0.21-12 (portapps 3.16.0)...
Tue, 03 Mar 2026 12:23:22 -03 INF ..\..\..\..\runneradmin\go\pkg\mod\github.com\portapps\portapps\v3@v3.16.0\portapps.go:121 > Release date: 2025/04/11 23:39:15
Tue, 03 Mar 2026 12:23:22 -03 INF ..\..\..\..\runneradmin\go\pkg\mod\github.com\portapps\portapps\v3@v3.16.0\portapps.go:122 > Publisher: CrazyMax (https://github.com/portapps/vlc-portable)
Tue, 03 Mar 2026 12:23:22 -03 INF ..\..\..\..\runneradmin\go\pkg\mod\github.com\portapps\portapps\v3@v3.16.0\portapps.go:123 > Root path: C:\Users\Hoxley\Documents\XtreamGo\players
Tue, 03 Mar 2026 12:23:22 -03 INF ..\..\..\..\runneradmin\go\pkg\mod\github.com\portapps\portapps\v3@v3.16.0\portapps.go:127 > Configuration:
common:
    disable_log: false
    args: []
    env: {}
    app_path: ""
app:
    cleanup: false
    verbose: "1"

Tue, 03 Mar 2026 12:23:22 -03 WRN D:/a/vlc-portable/vlc-portable/main.go:86 > Cannot import registry key error="reg file C:\\Users\\Hoxley\\Documents\\XtreamGo\\players\\reg\\VLC.reg not found"
Tue, 03 Mar 2026 12:23:22 -03 INF ..\..\..\..\runneradmin\go\pkg\mod\github.com\portapps\portapps\v3@v3.16.0\portapps.go:168 > Process: C:\Users\Hoxley\Documents\XtreamGo\players\app\vlc.exe
Tue, 03 Mar 2026 12:23:22 -03 INF ..\..\..\..\runneradmin\go\pkg\mod\github.com\portapps\portapps\v3@v3.16.0\portapps.go:169 > Args (config file): 
Tue, 03 Mar 2026 12:23:22 -03 INF ..\..\..\..\runneradmin\go\pkg\mod\github.com\portapps\portapps\v3@v3.16.0\portapps.go:170 > Args (cmd line): 
Tue, 03 Mar 2026 12:23:22 -03 INF ..\..\..\..\runneradmin\go\pkg\mod\github.com\portapps\portapps\v3@v3.16.0\portapps.go:171 > Args (hardcoded): --vlm-conf=C:\Users\Hoxley\Documents\XtreamGo\players\data\vlcrc --config=C:\Users\Hoxley\Documents\XtreamGo\players\data\vlcrc --no-plugins-cache --no-qt-updates-notif
Tue, 03 Mar 2026 12:23:22 -03 INF ..\..\..\..\runneradmin\go\pkg\mod\github.com\portapps\portapps\v3@v3.16.0\portapps.go:172 > Working dir: C:\Users\Hoxley\Documents\XtreamGo\players\app
Tue, 03 Mar 2026 12:23:22 -03 INF ..\..\..\..\runneradmin\go\pkg\mod\github.com\portapps\portapps\v3@v3.16.0\portapps.go:173 > App path: C:\Users\Hoxley\Documents\XtreamGo\players\app
Tue, 03 Mar 2026 12:23:22 -03 INF ..\..\..\..\runneradmin\go\pkg\mod\github.com\portapps\portapps\v3@v3.16.0\portapps.go:174 > Data path: C:\Users\Hoxley\Documents\XtreamGo\players\data
Tue, 03 Mar 2026 12:23:22 -03 INF ..\..\..\..\runneradmin\go\pkg\mod\github.com\portapps\portapps\v3@v3.16.0\portapps.go:175 > Previous path: 
Tue, 03 Mar 2026 12:23:22 -03 INF ..\..\..\..\runneradmin\go\pkg\mod\github.com\portapps\portapps\v3@v3.16.0\portapps.go:181 > Launching VLC
Tue, 03 Mar 2026 12:23:22 -03 INF ..\..\..\..\runneradmin\go\pkg\mod\github.com\portapps\portapps\v3@v3.16.0\portapps.go:191 > Exec C:\Users\Hoxley\Documents\XtreamGo\players\app\vlc.exe --vlm-conf=C:\Users\Hoxley\Documents\XtreamGo\players\data\vlcrc --config=C:\Users\Hoxley\Documents\XtreamGo\players\data\vlcrc --no-plugins-cache --no-qt-updates-notif
[00000212e7af3420] main libvlc warning: error while loading the configuration file
[00000212e7af3420] main libvlc: Executando o VLC com a interface padrão. Use 'cvlc' para usar o VLC sem interface.
[00000212e7af3a90] main playlist: playlist is empty
Tue, 03 Mar 2026 12:23:32 -03 INF ..\..\..\..\runneradmin\go\pkg\mod\github.com\portapps\portapps\v3@v3.16.0\portapps.go:212 > Closing VLC
Tue, 03 Mar 2026 12:26:32 -03 INF ..\..\..\runneradmin\go\pkg\mod\github.com\portapps\portapps\v3@v3.16.0\portapps.go:118 > --------
Tue, 03 Mar 2026 12:26:32 -03 INF ..\..\..\runneradmin\go\pkg\mod\github.com\portapps\portapps\v3@v3.16.0\portapps.go:119 > Operating System: Windows 10.0.19045
Tue, 03 Mar 2026 12:26:32 -03 INF ..\..\..\runneradmin\go\pkg\mod\github.com\portapps\portapps\v3@v3.16.0\portapps.go:120 > Starting VLC 3.0.21-12 (portapps 3.16.0)...
Tue, 03 Mar 2026 12:26:32 -03 INF ..\..\..\runneradmin\go\pkg\mod\github.com\portapps\portapps\v3@v3.16.0\portapps.go:121 > Release date: 2025/04/11 23:39:15
Tue, 03 Mar 2026 12:26:32 -03 INF ..\..\..\runneradmin\go\pkg\mod\github.com\portapps\portapps\v3@v3.16.0\portapps.go:122 > Publisher: CrazyMax (https://github.com/portapps/vlc-portable)
Tue, 03 Mar 2026 12:26:32 -03 INF ..\..\..\runneradmin\go\pkg\mod\github.com\portapps\portapps\v3@v3.16.0\portapps.go:123 > Root path: C:\Users\Hoxley\Documents\XtreamGo\players\vlc
Tue, 03 Mar 2026 12:26:32 -03 INF ..\..\..\runneradmin\go\pkg\mod\github.com\portapps\portapps\v3@v3.16.0\portapps.go:127 > Configuration:
common:
    disable_log: false
    args: []
    env: {}
    app_path: ""
app:
    cleanup: false
    verbose: "1"

Tue, 03 Mar 2026 12:26:33 -03 WRN D:/a/vlc-portable/vlc-portable/main.go:86 > Cannot import registry key error="reg file C:\\Users\\Hoxley\\Documents\\XtreamGo\\players\\vlc\\reg\\VLC.reg not found"
Tue, 03 Mar 2026 12:26:33 -03 INF ..\..\..\runneradmin\go\pkg\mod\github.com\portapps\portapps\v3@v3.16.0\portapps.go:168 > Process: C:\Users\Hoxley\Documents\XtreamGo\players\vlc\app\vlc.exe
Tue, 03 Mar 2026 12:26:33 -03 INF ..\..\..\runneradmin\go\pkg\mod\github.com\portapps\portapps\v3@v3.16.0\portapps.go:169 > Args (config file): 
Tue, 03 Mar 2026 12:26:33 -03 INF ..\..\..\runneradmin\go\pkg\mod\github.com\portapps\portapps\v3@v3.16.0\portapps.go:170 > Args (cmd line): http://superlime.net:80/series/XzF7DGUyy/eT3YAA2EZ/2293537.mp4 --no-qt-error-dialogs --quiet --network-caching=5000 --live-caching=5000 --file-caching=5000 --avcodec-skiploopfilter=0 --avcodec-skip-frame=0 --avcodec-skip-idct=0 --avcodec-error-resilience=1 --sout-avcodec-strict=-2 --meta-title=E01 - Altered Carbon (2018) S01 E01
Tue, 03 Mar 2026 12:26:33 -03 INF ..\..\..\runneradmin\go\pkg\mod\github.com\portapps\portapps\v3@v3.16.0\portapps.go:171 > Args (hardcoded): --vlm-conf=C:\Users\Hoxley\Documents\XtreamGo\players\vlc\data\vlcrc --config=C:\Users\Hoxley\Documents\XtreamGo\players\vlc\data\vlcrc --no-plugins-cache --no-qt-updates-notif
Tue, 03 Mar 2026 12:26:33 -03 INF ..\..\..\runneradmin\go\pkg\mod\github.com\portapps\portapps\v3@v3.16.0\portapps.go:172 > Working dir: C:\Users\Hoxley\Documents\XtreamGo\players\vlc\app
Tue, 03 Mar 2026 12:26:33 -03 INF ..\..\..\runneradmin\go\pkg\mod\github.com\portapps\portapps\v3@v3.16.0\portapps.go:173 > App path: C:\Users\Hoxley\Documents\XtreamGo\players\vlc\app
Tue, 03 Mar 2026 12:26:33 -03 INF ..\..\..\runneradmin\go\pkg\mod\github.com\portapps\portapps\v3@v3.16.0\portapps.go:174 > Data path: C:\Users\Hoxley\Documents\XtreamGo\players\vlc\data
Tue, 03 Mar 2026 12:26:33 -03 INF ..\..\..\runneradmin\go\pkg\mod\github.com\portapps\portapps\v3@v3.16.0\portapps.go:175 > Previous path: C:\Users\Hoxley\Documents\XtreamGo\players
Tue, 03 Mar 2026 12:26:33 -03 INF ..\..\..\runneradmin\go\pkg\mod\github.com\portapps\portapps\v3@v3.16.0\portapps.go:181 > Launching VLC
Tue, 03 Mar 2026 12:26:33 -03 INF ..\..\..\runneradmin\go\pkg\mod\github.com\portapps\portapps\v3@v3.16.0\portapps.go:191 > Exec C:\Users\Hoxley\Documents\XtreamGo\players\vlc\app\vlc.exe http://superlime.net:80/series/XzF7DGUyy/eT3YAA2EZ/2293537.mp4 --no-qt-error-dialogs --quiet --network-caching=5000 --live-caching=5000 --file-caching=5000 --avcodec-skiploopfilter=0 --avcodec-skip-frame=0 --avcodec-skip-idct=0 --avcodec-error-resilience=1 --sout-avcodec-strict=-2 --meta-title=E01 - Altered Carbon (2018) S01 E01 --vlm-conf=C:\Users\Hoxley\Documents\XtreamGo\players\vlc\data\vlcrc --config=C:\Users\Hoxley\Documents\XtreamGo\players\vlc\data\vlcrc --no-plugins-cache --no-qt-updates-notif
Tue, 03 Mar 2026 12:28:54 -03 INF ..\..\..\runneradmin\go\pkg\mod\github.com\portapps\portapps\v3@v3.16.0\portapps.go:212 > Closing VLC
Tue, 03 Mar 2026 12:33:51 -03 INF ..\..\..\runneradmin\go\pkg\mod\github.com\portapps\portapps\v3@v3.16.0\portapps.go:118 > --------
Tue, 03 Mar 2026 12:33:51 -03 INF ..\..\..\runneradmin\go\pkg\mod\github.com\portapps\portapps\v3@v3.16.0\portapps.go:119 > Operating System: Windows 10.0.19045
Tue, 03 Mar 2026 12:33:51 -03 INF ..\..\..\runneradmin\go\pkg\mod\github.com\portapps\portapps\v3@v3.16.0\portapps.go:120 > Starting VLC 3.0.21-12 (portapps 3.16.0)...
Tue, 03 Mar 2026 12:33:51 -03 INF ..\..\..\runneradmin\go\pkg\mod\github.com\portapps\portapps\v3@v3.16.0\portapps.go:121 > Release date: 2025/04/11 23:39:15
Tue, 03 Mar 2026 12:33:51 -03 INF ..\..\..\runneradmin\go\pkg\mod\github.com\portapps\portapps\v3@v3.16.0\portapps.go:122 > Publisher: CrazyMax (https://github.com/portapps/vlc-portable)
Tue, 03 Mar 2026 12:33:51 -03 INF ..\..\..\runneradmin\go\pkg\mod\github.com\portapps\portapps\v3@v3.16.0\portapps.go:123 > Root path: C:\Users\Hoxley\Documents\XtreamGo\players\vlc
Tue, 03 Mar 2026 12:33:51 -03 INF ..\..\..\runneradmin\go\pkg\mod\github.com\portapps\portapps\v3@v3.16.0\portapps.go:127 > Configuration:
common:
    disable_log: false
    args: []
    env: {}
    app_path: ""
app:
    cleanup: false
    verbose: "1"

Tue, 03 Mar 2026 12:33:51 -03 WRN D:/a/vlc-portable/vlc-portable/main.go:86 > Cannot import registry key error="reg file C:\\Users\\Hoxley\\Documents\\XtreamGo\\players\\vlc\\reg\\VLC.reg not found"
Tue, 03 Mar 2026 12:33:51 -03 INF ..\..\..\runneradmin\go\pkg\mod\github.com\portapps\portapps\v3@v3.16.0\portapps.go:168 > Process: C:\Users\Hoxley\Documents\XtreamGo\players\vlc\app\vlc.exe
Tue, 03 Mar 2026 12:33:51 -03 INF ..\..\..\runneradmin\go\pkg\mod\github.com\portapps\portapps\v3@v3.16.0\portapps.go:169 > Args (config file): 
Tue, 03 Mar 2026 12:33:51 -03 INF ..\..\..\runneradmin\go\pkg\mod\github.com\portapps\portapps\v3@v3.16.0\portapps.go:170 > Args (cmd line): http://superlime.net:80/live/XzF7DGUyy/eT3YAA2EZ/2557774.ts --no-qt-error-dialogs --quiet --network-caching=5000 --live-caching=5000 --file-caching=5000 --avcodec-skiploopfilter=0 --avcodec-skip-frame=0 --avcodec-skip-idct=0 --avcodec-error-resilience=1 --sout-avcodec-strict=-2 --meta-title=BBB 06
Tue, 03 Mar 2026 12:33:51 -03 INF ..\..\..\runneradmin\go\pkg\mod\github.com\portapps\portapps\v3@v3.16.0\portapps.go:171 > Args (hardcoded): --vlm-conf=C:\Users\Hoxley\Documents\XtreamGo\players\vlc\data\vlcrc --config=C:\Users\Hoxley\Documents\XtreamGo\players\vlc\data\vlcrc --no-plugins-cache --no-qt-updates-notif
Tue, 03 Mar 2026 12:33:51 -03 INF ..\..\..\runneradmin\go\pkg\mod\github.com\portapps\portapps\v3@v3.16.0\portapps.go:172 > Working dir: C:\Users\Hoxley\Documents\XtreamGo\players\vlc\app
Tue, 03 Mar 2026 12:33:51 -03 INF ..\..\..\runneradmin\go\pkg\mod\github.com\portapps\portapps\v3@v3.16.0\portapps.go:173 > App path: C:\Users\Hoxley\Documents\XtreamGo\players\vlc\app
Tue, 03 Mar 2026 12:33:51 -03 INF ..\..\..\runneradmin\go\pkg\mod\github.com\portapps\portapps\v3@v3.16.0\portapps.go:174 > Data path: C:\Users\Hoxley\Documents\XtreamGo\players\vlc\data
Tue, 03 Mar 2026 12:33:51 -03 INF ..\..\..\runneradmin\go\pkg\mod\github.com\portapps\portapps\v3@v3.16.0\portapps.go:175 > Previous path: C:\Users\Hoxley\Documents\XtreamGo\players\vlc
Tue, 03 Mar 2026 12:33:51 -03 INF ..\..\..\runneradmin\go\pkg\mod\github.com\portapps\portapps\v3@v3.16.0\portapps.go:181 > Launching VLC
Tue, 03 Mar 2026 12:33:51 -03 INF ..\..\..\runneradmin\go\pkg\mod\github.com\portapps\portapps\v3@v3.16.0\portapps.go:191 > Exec C:\Users\Hoxley\Documents\XtreamGo\players\vlc\app\vlc.exe http://superlime.net:80/live/XzF7DGUyy/eT3YAA2EZ/2557774.ts --no-qt-error-dialogs --quiet --network-caching=5000 --live-caching=5000 --file-caching=5000 --avcodec-skiploopfilter=0 --avcodec-skip-frame=0 --avcodec-skip-idct=0 --avcodec-error-resilience=1 --sout-avcodec-strict=-2 --meta-title=BBB 06 --vlm-conf=C:\Users\Hoxley\Documents\XtreamGo\players\vlc\data\vlcrc --config=C:\Users\Hoxley\Documents\XtreamGo\players\vlc\data\vlcrc --no-plugins-cache --no-qt-updates-notif
Tue, 03 Mar 2026 12:34:14 -03 INF ..\..\..\runneradmin\go\pkg\mod\github.com\portapps\portapps\v3@v3.16.0\portapps.go:212 > Closing VLC
Tue, 03 Mar 2026 12:54:26 -03 INF ..\..\..\runneradmin\go\pkg\mod\github.com\portapps\portapps\v3@v3.16.0\portapps.go:118 > --------
Tue, 03 Mar 2026 12:54:26 -03 INF ..\..\..\runneradmin\go\pkg\mod\github.com\portapps\portapps\v3@v3.16.0\portapps.go:119 > Operating System: Windows 10.0.19045
Tue, 03 Mar 2026 12:54:26 -03 INF ..\..\..\runneradmin\go\pkg\mod\github.com\portapps\portapps\v3@v3.16.0\portapps.go:120 > Starting VLC 3.0.21-12 (portapps 3.16.0)...
Tue, 03 Mar 2026 12:54:26 -03 INF ..\..\..\runneradmin\go\pkg\mod\github.com\portapps\portapps\v3@v3.16.0\portapps.go:121 > Release date: 2025/04/11 23:39:15
Tue, 03 Mar 2026 12:54:26 -03 INF ..\..\..\runneradmin\go\pkg\mod\github.com\portapps\portapps\v3@v3.16.0\portapps.go:122 > Publisher: CrazyMax (https://github.com/portapps/vlc-portable)
Tue, 03 Mar 2026 12:54:26 -03 INF ..\..\..\runneradmin\go\pkg\mod\github.com\portapps\portapps\v3@v3.16.0\portapps.go:123 > Root path: C:\Users\Hoxley\Documents\XtreamGo\players\vlc
Tue, 03 Mar 2026 12:54:26 -03 INF ..\..\..\runneradmin\go\pkg\mod\github.com\portapps\portapps\v3@v3.16.0\portapps.go:127 > Configuration:
common:
    disable_log: false
    args: []
    env: {}
    app_path: ""
app:
    cleanup: false
    verbose: "1"

Tue, 03 Mar 2026 12:54:27 -03 WRN D:/a/vlc-portable/vlc-portable/main.go:86 > Cannot import registry key error="reg file C:\\Users\\Hoxley\\Documents\\XtreamGo\\players\\vlc\\reg\\VLC.reg not found"
Tue, 03 Mar 2026 12:54:27 -03 INF ..\..\..\runneradmin\go\pkg\mod\github.com\portapps\portapps\v3@v3.16.0\portapps.go:168 > Process: C:\Users\Hoxley\Documents\XtreamGo\players\vlc\app\vlc.exe
Tue, 03 Mar 2026 12:54:27 -03 INF ..\..\..\runneradmin\go\pkg\mod\github.com\portapps\portapps\v3@v3.16.0\portapps.go:169 > Args (config file): 
Tue, 03 Mar 2026 12:54:27 -03 INF ..\..\..\runneradmin\go\pkg\mod\github.com\portapps\portapps\v3@v3.16.0\portapps.go:170 > Args (cmd line): http://superlime.net:80/live/XzF7DGUyy/eT3YAA2EZ/2558443.ts --no-qt-error-dialogs --quiet --network-caching=5000 --live-caching=5000 --file-caching=5000 --avcodec-skiploopfilter=0 --avcodec-skip-frame=0 --avcodec-skip-idct=0 --avcodec-error-resilience=1 --sout-avcodec-strict=-2 --meta-title=BBB 08
Tue, 03 Mar 2026 12:54:27 -03 INF ..\..\..\runneradmin\go\pkg\mod\github.com\portapps\portapps\v3@v3.16.0\portapps.go:171 > Args (hardcoded): --vlm-conf=C:\Users\Hoxley\Documents\XtreamGo\players\vlc\data\vlcrc --config=C:\Users\Hoxley\Documents\XtreamGo\players\vlc\data\vlcrc --no-plugins-cache --no-qt-updates-notif
Tue, 03 Mar 2026 12:54:27 -03 INF ..\..\..\runneradmin\go\pkg\mod\github.com\portapps\portapps\v3@v3.16.0\portapps.go:172 > Working dir: C:\Users\Hoxley\Documents\XtreamGo\players\vlc\app
Tue, 03 Mar 2026 12:54:27 -03 INF ..\..\..\runneradmin\go\pkg\mod\github.com\portapps\portapps\v3@v3.16.0\portapps.go:173 > App path: C:\Users\Hoxley\Documents\XtreamGo\players\vlc\app
Tue, 03 Mar 2026 12:54:27 -03 INF ..\..\..\runneradmin\go\pkg\mod\github.com\portapps\portapps\v3@v3.16.0\portapps.go:174 > Data path: C:\Users\Hoxley\Documents\XtreamGo\players\vlc\data
Tue, 03 Mar 2026 12:54:27 -03 INF ..\..\..\runneradmin\go\pkg\mod\github.com\portapps\portapps\v3@v3.16.0\portapps.go:175 > Previous path: C:\Users\Hoxley\Documents\XtreamGo\players\vlc
Tue, 03 Mar 2026 12:54:27 -03 INF ..\..\..\runneradmin\go\pkg\mod\github.com\portapps\portapps\v3@v3.16.0\portapps.go:181 > Launching VLC
Tue, 03 Mar 2026 12:54:27 -03 INF ..\..\..\runneradmin\go\pkg\mod\github.com\portapps\portapps\v3@v3.16.0\portapps.go:191 > Exec C:\Users\Hoxley\Documents\XtreamGo\players\vlc\app\vlc.exe http://superlime.net:80/live/XzF7DGUyy/eT3YAA2EZ/2558443.ts --no-qt-error-dialogs --quiet --network-caching=5000 --live-caching=5000 --file-caching=5000 --avcodec-skiploopfilter=0 --avcodec-skip-frame=0 --avcodec-skip-idct=0 --avcodec-error-resilience=1 --sout-avcodec-strict=-2 --meta-title=BBB 08 --vlm-conf=C:\Users\Hoxley\Documents\XtreamGo\players\vlc\data\vlcrc --config=C:\Users\Hoxley\Documents\XtreamGo\players\vlc\data\vlcrc --no-plugins-cache --no-qt-updates-notif
Tue, 03 Mar 2026 12:55:14 -03 INF ..\..\..\runneradmin\go\pkg\mod\github.com\portapps\portapps\v3@v3.16.0\portapps.go:212 > Closing VLC
Tue, 03 Mar 2026 12:55:31 -03 INF ..\..\..\runneradmin\go\pkg\mod\github.com\portapps\portapps\v3@v3.16.0\portapps.go:118 > --------
Tue, 03 Mar 2026 12:55:31 -03 INF ..\..\..\runneradmin\go\pkg\mod\github.com\portapps\portapps\v3@v3.16.0\portapps.go:119 > Operating System: Windows 10.0.19045
Tue, 03 Mar 2026 12:55:31 -03 INF ..\..\..\runneradmin\go\pkg\mod\github.com\portapps\portapps\v3@v3.16.0\portapps.go:120 > Starting VLC 3.0.21-12 (portapps 3.16.0)...
Tue, 03 Mar 2026 12:55:31 -03 INF ..\..\..\runneradmin\go\pkg\mod\github.com\portapps\portapps\v3@v3.16.0\portapps.go:121 > Release date: 2025/04/11 23:39:15
Tue, 03 Mar 2026 12:55:31 -03 INF ..\..\..\runneradmin\go\pkg\mod\github.com\portapps\portapps\v3@v3.16.0\portapps.go:122 > Publisher: CrazyMax (https://github.com/portapps/vlc-portable)
Tue, 03 Mar 2026 12:55:31 -03 INF ..\..\..\runneradmin\go\pkg\mod\github.com\portapps\portapps\v3@v3.16.0\portapps.go:123 > Root path: C:\Users\Hoxley\Documents\XtreamGo\players\vlc
Tue, 03 Mar 2026 12:55:31 -03 INF ..\..\..\runneradmin\go\pkg\mod\github.com\portapps\portapps\v3@v3.16.0\portapps.go:127 > Configuration:
common:
    disable_log: false
    args: []
    env: {}
    app_path: ""
app:
    cleanup: false
    verbose: "1"

Tue, 03 Mar 2026 12:55:31 -03 WRN D:/a/vlc-portable/vlc-portable/main.go:86 > Cannot import registry key error="reg file C:\\Users\\Hoxley\\Documents\\XtreamGo\\players\\vlc\\reg\\VLC.reg not found"
Tue, 03 Mar 2026 12:55:31 -03 INF ..\..\..\runneradmin\go\pkg\mod\github.com\portapps\portapps\v3@v3.16.0\portapps.go:168 > Process: C:\Users\Hoxley\Documents\XtreamGo\players\vlc\app\vlc.exe
Tue, 03 Mar 2026 12:55:31 -03 INF ..\..\..\runneradmin\go\pkg\mod\github.com\portapps\portapps\v3@v3.16.0\portapps.go:169 > Args (config file): 
Tue, 03 Mar 2026 12:55:31 -03 INF ..\..\..\runneradmin\go\pkg\mod\github.com\portapps\portapps\v3@v3.16.0\portapps.go:170 > Args (cmd line): http://superlime.net:80/live/XzF7DGUyy/eT3YAA2EZ/16.ts --no-qt-error-dialogs --quiet --network-caching=5000 --live-caching=5000 --file-caching=5000 --avcodec-skiploopfilter=0 --avcodec-skip-frame=0 --avcodec-skip-idct=0 --avcodec-error-resilience=1 --sout-avcodec-strict=-2 --meta-title=Cartoon Network FHD
Tue, 03 Mar 2026 12:55:31 -03 INF ..\..\..\runneradmin\go\pkg\mod\github.com\portapps\portapps\v3@v3.16.0\portapps.go:171 > Args (hardcoded): --vlm-conf=C:\Users\Hoxley\Documents\XtreamGo\players\vlc\data\vlcrc --config=C:\Users\Hoxley\Documents\XtreamGo\players\vlc\data\vlcrc --no-plugins-cache --no-qt-updates-notif
Tue, 03 Mar 2026 12:55:31 -03 INF ..\..\..\runneradmin\go\pkg\mod\github.com\portapps\portapps\v3@v3.16.0\portapps.go:172 > Working dir: C:\Users\Hoxley\Documents\XtreamGo\players\vlc\app
Tue, 03 Mar 2026 12:55:31 -03 INF ..\..\..\runneradmin\go\pkg\mod\github.com\portapps\portapps\v3@v3.16.0\portapps.go:173 > App path: C:\Users\Hoxley\Documents\XtreamGo\players\vlc\app
Tue, 03 Mar 2026 12:55:31 -03 INF ..\..\..\runneradmin\go\pkg\mod\github.com\portapps\portapps\v3@v3.16.0\portapps.go:174 > Data path: C:\Users\Hoxley\Documents\XtreamGo\players\vlc\data
Tue, 03 Mar 2026 12:55:31 -03 INF ..\..\..\runneradmin\go\pkg\mod\github.com\portapps\portapps\v3@v3.16.0\portapps.go:175 > Previous path: C:\Users\Hoxley\Documents\XtreamGo\players\vlc
Tue, 03 Mar 2026 12:55:31 -03 INF ..\..\..\runneradmin\go\pkg\mod\github.com\portapps\portapps\v3@v3.16.0\portapps.go:181 > Launching VLC
Tue, 03 Mar 2026 12:55:31 -03 INF ..\..\..\runneradmin\go\pkg\mod\github.com\portapps\portapps\v3@v3.16.0\portapps.go:191 > Exec C:\Users\Hoxley\Documents\XtreamGo\players\vlc\app\vlc.exe http://superlime.net:80/live/XzF7DGUyy/eT3YAA2EZ/16.ts --no-qt-error-dialogs --quiet --network-caching=5000 --live-caching=5000 --file-caching=5000 --avcodec-skiploopfilter=0 --avcodec-skip-frame=0 --avcodec-skip-idct=0 --avcodec-error-resilience=1 --sout-avcodec-strict=-2 --meta-title=Cartoon Network FHD --vlm-conf=C:\Users\Hoxley\Documents\XtreamGo\players\vlc\data\vlcrc --config=C:\Users\Hoxley\Documents\XtreamGo\players\vlc\data\vlcrc --no-plugins-cache --no-qt-updates-notif
Tue, 03 Mar 2026 12:56:42 -03 INF ..\..\..\runneradmin\go\pkg\mod\github.com\portapps\portapps\v3@v3.16.0\portapps.go:212 > Closing VLC
Tue, 03 Mar 2026 12:56:49 -03 INF ..\..\..\runneradmin\go\pkg\mod\github.com\portapps\portapps\v3@v3.16.0\portapps.go:118 > --------
Tue, 03 Mar 2026 12:56:49 -03 INF ..\..\..\runneradmin\go\pkg\mod\github.com\portapps\portapps\v3@v3.16.0\portapps.go:119 > Operating System: Windows 10.0.19045
Tue, 03 Mar 2026 12:56:49 -03 INF ..\..\..\runneradmin\go\pkg\mod\github.com\portapps\portapps\v3@v3.16.0\portapps.go:120 > Starting VLC 3.0.21-12 (portapps 3.16.0)...
Tue, 03 Mar 2026 12:56:49 -03 INF ..\..\..\runneradmin\go\pkg\mod\github.com\portapps\portapps\v3@v3.16.0\portapps.go:121 > Release date: 2025/04/11 23:39:15
Tue, 03 Mar 2026 12:56:49 -03 INF ..\..\..\runneradmin\go\pkg\mod\github.com\portapps\portapps\v3@v3.16.0\portapps.go:122 > Publisher: CrazyMax (https://github.com/portapps/vlc-portable)
Tue, 03 Mar 2026 12:56:49 -03 INF ..\..\..\runneradmin\go\pkg\mod\github.com\portapps\portapps\v3@v3.16.0\portapps.go:123 > Root path: C:\Users\Hoxley\Documents\XtreamGo\players\vlc
Tue, 03 Mar 2026 12:56:49 -03 INF ..\..\..\runneradmin\go\pkg\mod\github.com\portapps\portapps\v3@v3.16.0\portapps.go:127 > Configuration:
common:
    disable_log: false
    args: []
    env: {}
    app_path: ""
app:
    cleanup: false
    verbose: "1"

Tue, 03 Mar 2026 12:56:49 -03 WRN D:/a/vlc-portable/vlc-portable/main.go:86 > Cannot import registry key error="reg file C:\\Users\\Hoxley\\Documents\\XtreamGo\\players\\vlc\\reg\\VLC.reg not found"
Tue, 03 Mar 2026 12:56:49 -03 INF ..\..\..\runneradmin\go\pkg\mod\github.com\portapps\portapps\v3@v3.16.0\portapps.go:168 > Process: C:\Users\Hoxley\Documents\XtreamGo\players\vlc\app\vlc.exe
Tue, 03 Mar 2026 12:56:49 -03 INF ..\..\..\runneradmin\go\pkg\mod\github.com\portapps\portapps\v3@v3.16.0\portapps.go:169 > Args (config file): 
Tue, 03 Mar 2026 12:56:49 -03 INF ..\..\..\runneradmin\go\pkg\mod\github.com\portapps\portapps\v3@v3.16.0\portapps.go:170 > Args (cmd line): http://superlime.net:80/live/XzF7DGUyy/eT3YAA2EZ/272.ts --no-qt-error-dialogs --quiet --network-caching=5000 --live-caching=5000 --file-caching=5000 --avcodec-skiploopfilter=0 --avcodec-skip-frame=0 --avcodec-skip-idct=0 --avcodec-error-resilience=1 --sout-avcodec-strict=-2 --meta-title=Gloobinho FHD
Tue, 03 Mar 2026 12:56:49 -03 INF ..\..\..\runneradmin\go\pkg\mod\github.com\portapps\portapps\v3@v3.16.0\portapps.go:171 > Args (hardcoded): --vlm-conf=C:\Users\Hoxley\Documents\XtreamGo\players\vlc\data\vlcrc --config=C:\Users\Hoxley\Documents\XtreamGo\players\vlc\data\vlcrc --no-plugins-cache --no-qt-updates-notif
Tue, 03 Mar 2026 12:56:49 -03 INF ..\..\..\runneradmin\go\pkg\mod\github.com\portapps\portapps\v3@v3.16.0\portapps.go:172 > Working dir: C:\Users\Hoxley\Documents\XtreamGo\players\vlc\app
Tue, 03 Mar 2026 12:56:49 -03 INF ..\..\..\runneradmin\go\pkg\mod\github.com\portapps\portapps\v3@v3.16.0\portapps.go:173 > App path: C:\Users\Hoxley\Documents\XtreamGo\players\vlc\app
Tue, 03 Mar 2026 12:56:49 -03 INF ..\..\..\runneradmin\go\pkg\mod\github.com\portapps\portapps\v3@v3.16.0\portapps.go:174 > Data path: C:\Users\Hoxley\Documents\XtreamGo\players\vlc\data
Tue, 03 Mar 2026 12:56:49 -03 INF ..\..\..\runneradmin\go\pkg\mod\github.com\portapps\portapps\v3@v3.16.0\portapps.go:175 > Previous path: C:\Users\Hoxley\Documents\XtreamGo\players\vlc
Tue, 03 Mar 2026 12:56:49 -03 INF ..\..\..\runneradmin\go\pkg\mod\github.com\portapps\portapps\v3@v3.16.0\portapps.go:181 > Launching VLC
Tue, 03 Mar 2026 12:56:49 -03 INF ..\..\..\runneradmin\go\pkg\mod\github.com\portapps\portapps\v3@v3.16.0\portapps.go:191 > Exec C:\Users\Hoxley\Documents\XtreamGo\players\vlc\app\vlc.exe http://superlime.net:80/live/XzF7DGUyy/eT3YAA2EZ/272.ts --no-qt-error-dialogs --quiet --network-caching=5000 --live-caching=5000 --file-caching=5000 --avcodec-skiploopfilter=0 --avcodec-skip-frame=0 --avcodec-skip-idct=0 --avcodec-error-resilience=1 --sout-avcodec-strict=-2 --meta-title=Gloobinho FHD --vlm-conf=C:\Users\Hoxley\Documents\XtreamGo\players\vlc\data\vlcrc --config=C:\Users\Hoxley\Documents\XtreamGo\players\vlc\data\vlcrc --no-plugins-cache --no-qt-updates-notif
Tue, 03 Mar 2026 12:57:10 -03 INF ..\..\..\runneradmin\go\pkg\mod\github.com\portapps\portapps\v3@v3.16.0\portapps.go:212 > Closing VLC
